30-Jul-2020 09:38:24.262 信息 [main] org.apache.catalina.startup.VersionLoggerListener.log Server.服务器版本: Apache Tomcat/8.5.57
30-Jul-2020 09:38:24.266 信息 [main] org.apache.catalina.startup.VersionLoggerListener.log 服务器构建:        Jun 30 2020 21:49:10 UTC
30-Jul-2020 09:38:24.267 信息 [main] org.apache.catalina.startup.VersionLoggerListener.log 服务器版本号(:     8.5.57.0
30-Jul-2020 09:38:24.267 信息 [main] org.apache.catalina.startup.VersionLoggerListener.log 操作系统名称:      Mac OS X
30-Jul-2020 09:38:24.267 信息 [main] org.apache.catalina.startup.VersionLoggerListener.log OS.版本:           10.15.3
30-Jul-2020 09:38:24.267 信息 [main] org.apache.catalina.startup.VersionLoggerListener.log 架构:              x86_64
30-Jul-2020 09:38:24.267 信息 [main] org.apache.catalina.startup.VersionLoggerListener.log Java 环境变量:     /Library/Java/JavaVirtualMachines/jdk1.8.0_251.jdk/Contents/Home/jre
30-Jul-2020 09:38:24.267 信息 [main] org.apache.catalina.startup.VersionLoggerListener.log Java虚拟机版本:    1.8.0_251-b08
30-Jul-2020 09:38:24.267 信息 [main] org.apache.catalina.startup.VersionLoggerListener.log JVM.供应商:        Oracle Corporation
30-Jul-2020 09:38:24.267 信息 [main] org.apache.catalina.startup.VersionLoggerListener.log CATALINA_BASE:     /Users/bjhl/IdeaProjects/fresh/apache-tomcat-8.5.57
30-Jul-2020 09:38:24.268 信息 [main] org.apache.catalina.startup.VersionLoggerListener.log CATALINA_HOME:     /Users/bjhl/IdeaProjects/fresh/apache-tomcat-8.5.57
30-Jul-2020 09:38:24.268 信息 [main] org.apache.catalina.startup.VersionLoggerListener.log 命令行参数：-Djava.util.logging.config.file=/Users/bjhl/IdeaProjects/fresh/apache-tomcat-8.5.57/conf/logging.properties
30-Jul-2020 09:38:24.268 信息 [main] org.apache.catalina.startup.VersionLoggerListener.log 命令行参数：-Djava.util.logging.manager=org.apache.juli.ClassLoaderLogManager
30-Jul-2020 09:38:24.269 信息 [main] org.apache.catalina.startup.VersionLoggerListener.log 命令行参数：-Xdebug
30-Jul-2020 09:38:24.269 信息 [main] org.apache.catalina.startup.VersionLoggerListener.log 命令行参数：-Xrunjdwp:transport=dt_socket,server=y,suspend=n,address=8111
30-Jul-2020 09:38:24.269 信息 [main] org.apache.catalina.startup.VersionLoggerListener.log 命令行参数：-Djdk.tls.ephemeralDHKeySize=2048
30-Jul-2020 09:38:24.269 信息 [main] org.apache.catalina.startup.VersionLoggerListener.log 命令行参数：-Djava.protocol.handler.pkgs=org.apache.catalina.webresources
30-Jul-2020 09:38:24.269 信息 [main] org.apache.catalina.startup.VersionLoggerListener.log 命令行参数：-Dorg.apache.catalina.security.SecurityListener.UMASK=0027
30-Jul-2020 09:38:24.269 信息 [main] org.apache.catalina.startup.VersionLoggerListener.log 命令行参数：-Dignore.endorsed.dirs=
30-Jul-2020 09:38:24.269 信息 [main] org.apache.catalina.startup.VersionLoggerListener.log 命令行参数：-Dcatalina.base=/Users/bjhl/IdeaProjects/fresh/apache-tomcat-8.5.57
30-Jul-2020 09:38:24.269 信息 [main] org.apache.catalina.startup.VersionLoggerListener.log 命令行参数：-Dcatalina.home=/Users/bjhl/IdeaProjects/fresh/apache-tomcat-8.5.57
30-Jul-2020 09:38:24.269 信息 [main] org.apache.catalina.startup.VersionLoggerListener.log 命令行参数：-Djava.io.tmpdir=/Users/bjhl/IdeaProjects/fresh/apache-tomcat-8.5.57/temp
30-Jul-2020 09:38:24.270 信息 [main] org.apache.catalina.core.AprLifecycleListener.lifecycleEvent 在java.library.path:[/Users/bjhl/Library/Java/Extensions:/Library/Java/Extensions:/Network/Library/Java/Extensions:/System/Library/Java/Extensions:/usr/lib/java:.]上找不到基于APR的Apache Tomcat本机库，该库允许在生产环境中获得最佳性能
30-Jul-2020 09:38:24.435 信息 [main] org.apache.coyote.AbstractProtocol.init 初始化协议处理器 ["http-nio-8080"]
30-Jul-2020 09:38:24.458 严重 [main] org.apache.catalina.core.StandardService.initInternal Failed to initialize connector [Connector[HTTP/1.1-8080]]
	org.apache.catalina.LifecycleException: 协议处理程序初始化失败
		at org.apache.catalina.connector.Connector.initInternal(Connector.java:1077)
		at org.apache.catalina.util.LifecycleBase.init(LifecycleBase.java:136)
		at org.apache.catalina.core.StandardService.initInternal(StandardService.java:552)
		at org.apache.catalina.util.LifecycleBase.init(LifecycleBase.java:136)
		at org.apache.catalina.core.StandardServer.initInternal(StandardServer.java:848)
		at org.apache.catalina.util.LifecycleBase.init(LifecycleBase.java:136)
		at org.apache.catalina.startup.Catalina.load(Catalina.java:639)
		at org.apache.catalina.startup.Catalina.load(Catalina.java:662)
		at sun.reflect.NativeMethodAccessorImpl.invoke0(Native Method)
		at sun.reflect.NativeMethodAccessorImpl.invoke(NativeMethodAccessorImpl.java:62)
		at sun.reflect.DelegatingMethodAccessorImpl.invoke(DelegatingMethodAccessorImpl.java:43)
		at java.lang.reflect.Method.invoke(Method.java:498)
		at org.apache.catalina.startup.Bootstrap.load(Bootstrap.java:302)
		at org.apache.catalina.startup.Bootstrap.main(Bootstrap.java:472)
	Caused by: java.net.BindException: Address already in use
		at sun.nio.ch.Net.bind0(Native Method)
		at sun.nio.ch.Net.bind(Net.java:433)
		at sun.nio.ch.Net.bind(Net.java:425)
		at sun.nio.ch.ServerSocketChannelImpl.bind(ServerSocketChannelImpl.java:223)
		at sun.nio.ch.ServerSocketAdaptor.bind(ServerSocketAdaptor.java:74)
		at org.apache.tomcat.util.net.NioEndpoint.bind(NioEndpoint.java:221)
		at org.apache.tomcat.util.net.AbstractEndpoint.init(AbstractEndpoint.java:1118)
		at org.apache.tomcat.util.net.AbstractJsseEndpoint.init(AbstractJsseEndpoint.java:222)
		at org.apache.coyote.AbstractProtocol.init(AbstractProtocol.java:587)
		at org.apache.coyote.http11.AbstractHttp11Protocol.init(AbstractHttp11Protocol.java:74)
		at org.apache.catalina.connector.Connector.initInternal(Connector.java:1075)
		... 13 more
30-Jul-2020 09:38:24.459 信息 [main] org.apache.catalina.startup.Catalina.load Initialization processed in 833 ms
30-Jul-2020 09:38:24.497 信息 [main] org.apache.catalina.core.StandardService.startInternal 正在启动服务[Catalina]
30-Jul-2020 09:38:24.497 信息 [main] org.apache.catalina.core.StandardEngine.startInternal Starting Servlet Engine: Apache Tomcat/8.5.57
30-Jul-2020 09:38:24.504 信息 [main] org.apache.catalina.startup.Catalina.start Server startup in 44 ms
30-Jul-2020 09:46:32.190 信息 [main] org.apache.catalina.core.StandardServer.await 通过关闭端口接收到有效的关闭命令。正在停止服务器实例。
30-Jul-2020 09:46:32.193 信息 [main] org.apache.coyote.AbstractProtocol.pause 暂停ProtocolHandler["http-nio-8080"]
30-Jul-2020 09:46:32.194 信息 [main] org.apache.catalina.core.StandardService.stopInternal 正在停止服务[Catalina]
30-Jul-2020 09:46:32.203 信息 [main] org.apache.coyote.AbstractProtocol.stop 正在停止ProtocolHandler ["http-nio-8080"]
30-Jul-2020 09:46:32.203 信息 [main] org.apache.coyote.AbstractProtocol.destroy 正在摧毁协议处理器 ["http-nio-8080"]
30-Jul-2020 09:46:37.919 信息 [main] org.apache.catalina.startup.VersionLoggerListener.log Server.服务器版本: Apache Tomcat/8.5.57
30-Jul-2020 09:46:37.923 信息 [main] org.apache.catalina.startup.VersionLoggerListener.log 服务器构建:        Jun 30 2020 21:49:10 UTC
30-Jul-2020 09:46:37.923 信息 [main] org.apache.catalina.startup.VersionLoggerListener.log 服务器版本号(:     8.5.57.0
30-Jul-2020 09:46:37.924 信息 [main] org.apache.catalina.startup.VersionLoggerListener.log 操作系统名称:      Mac OS X
30-Jul-2020 09:46:37.924 信息 [main] org.apache.catalina.startup.VersionLoggerListener.log OS.版本:           10.15.3
30-Jul-2020 09:46:37.924 信息 [main] org.apache.catalina.startup.VersionLoggerListener.log 架构:              x86_64
30-Jul-2020 09:46:37.924 信息 [main] org.apache.catalina.startup.VersionLoggerListener.log Java 环境变量:     /Library/Java/JavaVirtualMachines/jdk1.8.0_251.jdk/Contents/Home/jre
30-Jul-2020 09:46:37.924 信息 [main] org.apache.catalina.startup.VersionLoggerListener.log Java虚拟机版本:    1.8.0_251-b08
30-Jul-2020 09:46:37.924 信息 [main] org.apache.catalina.startup.VersionLoggerListener.log JVM.供应商:        Oracle Corporation
30-Jul-2020 09:46:37.924 信息 [main] org.apache.catalina.startup.VersionLoggerListener.log CATALINA_BASE:     /Users/bjhl/IdeaProjects/fresh/apache-tomcat-8.5.57
30-Jul-2020 09:46:37.924 信息 [main] org.apache.catalina.startup.VersionLoggerListener.log CATALINA_HOME:     /Users/bjhl/IdeaProjects/fresh/apache-tomcat-8.5.57
30-Jul-2020 09:46:37.925 信息 [main] org.apache.catalina.startup.VersionLoggerListener.log 命令行参数：-Djava.util.logging.config.file=/Users/bjhl/IdeaProjects/fresh/apache-tomcat-8.5.57/conf/logging.properties
30-Jul-2020 09:46:37.925 信息 [main] org.apache.catalina.startup.VersionLoggerListener.log 命令行参数：-Djava.util.logging.manager=org.apache.juli.ClassLoaderLogManager
30-Jul-2020 09:46:37.925 信息 [main] org.apache.catalina.startup.VersionLoggerListener.log 命令行参数：-Xdebug
30-Jul-2020 09:46:37.925 信息 [main] org.apache.catalina.startup.VersionLoggerListener.log 命令行参数：-Xrunjdwp:transport=dt_socket,server=y,suspend=n,address=8111
30-Jul-2020 09:46:37.925 信息 [main] org.apache.catalina.startup.VersionLoggerListener.log 命令行参数：-Djdk.tls.ephemeralDHKeySize=2048
30-Jul-2020 09:46:37.925 信息 [main] org.apache.catalina.startup.VersionLoggerListener.log 命令行参数：-Djava.protocol.handler.pkgs=org.apache.catalina.webresources
30-Jul-2020 09:46:37.925 信息 [main] org.apache.catalina.startup.VersionLoggerListener.log 命令行参数：-Dorg.apache.catalina.security.SecurityListener.UMASK=0027
30-Jul-2020 09:46:37.926 信息 [main] org.apache.catalina.startup.VersionLoggerListener.log 命令行参数：-Dignore.endorsed.dirs=
30-Jul-2020 09:46:37.926 信息 [main] org.apache.catalina.startup.VersionLoggerListener.log 命令行参数：-Dcatalina.base=/Users/bjhl/IdeaProjects/fresh/apache-tomcat-8.5.57
30-Jul-2020 09:46:37.926 信息 [main] org.apache.catalina.startup.VersionLoggerListener.log 命令行参数：-Dcatalina.home=/Users/bjhl/IdeaProjects/fresh/apache-tomcat-8.5.57
30-Jul-2020 09:46:37.926 信息 [main] org.apache.catalina.startup.VersionLoggerListener.log 命令行参数：-Djava.io.tmpdir=/Users/bjhl/IdeaProjects/fresh/apache-tomcat-8.5.57/temp
30-Jul-2020 09:46:37.926 信息 [main] org.apache.catalina.core.AprLifecycleListener.lifecycleEvent 在java.library.path:[/Users/bjhl/Library/Java/Extensions:/Library/Java/Extensions:/Network/Library/Java/Extensions:/System/Library/Java/Extensions:/usr/lib/java:.]上找不到基于APR的Apache Tomcat本机库，该库允许在生产环境中获得最佳性能
30-Jul-2020 09:46:38.041 信息 [main] org.apache.coyote.AbstractProtocol.init 初始化协议处理器 ["http-nio-8080"]
30-Jul-2020 09:46:38.053 严重 [main] org.apache.catalina.core.StandardService.initInternal Failed to initialize connector [Connector[HTTP/1.1-8080]]
	org.apache.catalina.LifecycleException: 协议处理程序初始化失败
		at org.apache.catalina.connector.Connector.initInternal(Connector.java:1077)
		at org.apache.catalina.util.LifecycleBase.init(LifecycleBase.java:136)
		at org.apache.catalina.core.StandardService.initInternal(StandardService.java:552)
		at org.apache.catalina.util.LifecycleBase.init(LifecycleBase.java:136)
		at org.apache.catalina.core.StandardServer.initInternal(StandardServer.java:848)
		at org.apache.catalina.util.LifecycleBase.init(LifecycleBase.java:136)
		at org.apache.catalina.startup.Catalina.load(Catalina.java:639)
		at org.apache.catalina.startup.Catalina.load(Catalina.java:662)
		at sun.reflect.NativeMethodAccessorImpl.invoke0(Native Method)
		at sun.reflect.NativeMethodAccessorImpl.invoke(NativeMethodAccessorImpl.java:62)
		at sun.reflect.DelegatingMethodAccessorImpl.invoke(DelegatingMethodAccessorImpl.java:43)
		at java.lang.reflect.Method.invoke(Method.java:498)
		at org.apache.catalina.startup.Bootstrap.load(Bootstrap.java:302)
		at org.apache.catalina.startup.Bootstrap.main(Bootstrap.java:472)
	Caused by: java.net.BindException: Address already in use
		at sun.nio.ch.Net.bind0(Native Method)
		at sun.nio.ch.Net.bind(Net.java:433)
		at sun.nio.ch.Net.bind(Net.java:425)
		at sun.nio.ch.ServerSocketChannelImpl.bind(ServerSocketChannelImpl.java:223)
		at sun.nio.ch.ServerSocketAdaptor.bind(ServerSocketAdaptor.java:74)
		at org.apache.tomcat.util.net.NioEndpoint.bind(NioEndpoint.java:221)
		at org.apache.tomcat.util.net.AbstractEndpoint.init(AbstractEndpoint.java:1118)
		at org.apache.tomcat.util.net.AbstractJsseEndpoint.init(AbstractJsseEndpoint.java:222)
		at org.apache.coyote.AbstractProtocol.init(AbstractProtocol.java:587)
		at org.apache.coyote.http11.AbstractHttp11Protocol.init(AbstractHttp11Protocol.java:74)
		at org.apache.catalina.connector.Connector.initInternal(Connector.java:1075)
		... 13 more
30-Jul-2020 09:46:38.054 信息 [main] org.apache.catalina.startup.Catalina.load Initialization processed in 518 ms
30-Jul-2020 09:46:38.085 信息 [main] org.apache.catalina.core.StandardService.startInternal 正在启动服务[Catalina]
30-Jul-2020 09:46:38.085 信息 [main] org.apache.catalina.core.StandardEngine.startInternal Starting Servlet Engine: Apache Tomcat/8.5.57
30-Jul-2020 09:46:38.093 信息 [main] org.apache.catalina.startup.Catalina.start Server startup in 38 ms
30-Jul-2020 09:51:33.403 信息 [main] org.apache.catalina.core.StandardServer.await 通过关闭端口接收到有效的关闭命令。正在停止服务器实例。
30-Jul-2020 09:51:33.407 信息 [main] org.apache.coyote.AbstractProtocol.pause 暂停ProtocolHandler["http-nio-8080"]
30-Jul-2020 09:51:33.407 信息 [main] org.apache.catalina.core.StandardService.stopInternal 正在停止服务[Catalina]
30-Jul-2020 09:51:33.413 信息 [main] org.apache.coyote.AbstractProtocol.stop 正在停止ProtocolHandler ["http-nio-8080"]
30-Jul-2020 09:51:33.414 信息 [main] org.apache.coyote.AbstractProtocol.destroy 正在摧毁协议处理器 ["http-nio-8080"]
30-Jul-2020 09:53:17.598 信息 [main] org.apache.catalina.startup.VersionLoggerListener.log Server.服务器版本: Apache Tomcat/8.5.57
30-Jul-2020 09:53:17.602 信息 [main] org.apache.catalina.startup.VersionLoggerListener.log 服务器构建:        Jun 30 2020 21:49:10 UTC
30-Jul-2020 09:53:17.602 信息 [main] org.apache.catalina.startup.VersionLoggerListener.log 服务器版本号(:     8.5.57.0
30-Jul-2020 09:53:17.602 信息 [main] org.apache.catalina.startup.VersionLoggerListener.log 操作系统名称:      Mac OS X
30-Jul-2020 09:53:17.602 信息 [main] org.apache.catalina.startup.VersionLoggerListener.log OS.版本:           10.15.3
30-Jul-2020 09:53:17.602 信息 [main] org.apache.catalina.startup.VersionLoggerListener.log 架构:              x86_64
30-Jul-2020 09:53:17.603 信息 [main] org.apache.catalina.startup.VersionLoggerListener.log Java 环境变量:     /Library/Java/JavaVirtualMachines/jdk1.8.0_251.jdk/Contents/Home/jre
30-Jul-2020 09:53:17.603 信息 [main] org.apache.catalina.startup.VersionLoggerListener.log Java虚拟机版本:    1.8.0_251-b08
30-Jul-2020 09:53:17.603 信息 [main] org.apache.catalina.startup.VersionLoggerListener.log JVM.供应商:        Oracle Corporation
30-Jul-2020 09:53:17.603 信息 [main] org.apache.catalina.startup.VersionLoggerListener.log CATALINA_BASE:     /Users/bjhl/IdeaProjects/fresh/apache-tomcat-8.5.57
30-Jul-2020 09:53:17.603 信息 [main] org.apache.catalina.startup.VersionLoggerListener.log CATALINA_HOME:     /Users/bjhl/IdeaProjects/fresh/apache-tomcat-8.5.57
30-Jul-2020 09:53:17.603 信息 [main] org.apache.catalina.startup.VersionLoggerListener.log 命令行参数：-Djava.util.logging.config.file=/Users/bjhl/IdeaProjects/fresh/apache-tomcat-8.5.57/conf/logging.properties
30-Jul-2020 09:53:17.603 信息 [main] org.apache.catalina.startup.VersionLoggerListener.log 命令行参数：-Djava.util.logging.manager=org.apache.juli.ClassLoaderLogManager
30-Jul-2020 09:53:17.603 信息 [main] org.apache.catalina.startup.VersionLoggerListener.log 命令行参数：-Djdk.tls.ephemeralDHKeySize=2048
30-Jul-2020 09:53:17.604 信息 [main] org.apache.catalina.startup.VersionLoggerListener.log 命令行参数：-Djava.protocol.handler.pkgs=org.apache.catalina.webresources
30-Jul-2020 09:53:17.604 信息 [main] org.apache.catalina.startup.VersionLoggerListener.log 命令行参数：-Dorg.apache.catalina.security.SecurityListener.UMASK=0027
30-Jul-2020 09:53:17.604 信息 [main] org.apache.catalina.startup.VersionLoggerListener.log 命令行参数：-Dignore.endorsed.dirs=
30-Jul-2020 09:53:17.606 信息 [main] org.apache.catalina.startup.VersionLoggerListener.log 命令行参数：-Dcatalina.base=/Users/bjhl/IdeaProjects/fresh/apache-tomcat-8.5.57
30-Jul-2020 09:53:17.606 信息 [main] org.apache.catalina.startup.VersionLoggerListener.log 命令行参数：-Dcatalina.home=/Users/bjhl/IdeaProjects/fresh/apache-tomcat-8.5.57
30-Jul-2020 09:53:17.606 信息 [main] org.apache.catalina.startup.VersionLoggerListener.log 命令行参数：-Djava.io.tmpdir=/Users/bjhl/IdeaProjects/fresh/apache-tomcat-8.5.57/temp
30-Jul-2020 09:53:17.607 信息 [main] org.apache.catalina.core.AprLifecycleListener.lifecycleEvent 在java.library.path:[/Users/bjhl/Library/Java/Extensions:/Library/Java/Extensions:/Network/Library/Java/Extensions:/System/Library/Java/Extensions:/usr/lib/java:.]上找不到基于APR的Apache Tomcat本机库，该库允许在生产环境中获得最佳性能
30-Jul-2020 09:53:17.725 信息 [main] org.apache.coyote.AbstractProtocol.init 初始化协议处理器 ["http-nio-8080"]
30-Jul-2020 09:53:17.736 严重 [main] org.apache.catalina.core.StandardService.initInternal Failed to initialize connector [Connector[HTTP/1.1-8080]]
	org.apache.catalina.LifecycleException: 协议处理程序初始化失败
		at org.apache.catalina.connector.Connector.initInternal(Connector.java:1077)
		at org.apache.catalina.util.LifecycleBase.init(LifecycleBase.java:136)
		at org.apache.catalina.core.StandardService.initInternal(StandardService.java:552)
		at org.apache.catalina.util.LifecycleBase.init(LifecycleBase.java:136)
		at org.apache.catalina.core.StandardServer.initInternal(StandardServer.java:848)
		at org.apache.catalina.util.LifecycleBase.init(LifecycleBase.java:136)
		at org.apache.catalina.startup.Catalina.load(Catalina.java:639)
		at org.apache.catalina.startup.Catalina.load(Catalina.java:662)
		at sun.reflect.NativeMethodAccessorImpl.invoke0(Native Method)
		at sun.reflect.NativeMethodAccessorImpl.invoke(NativeMethodAccessorImpl.java:62)
		at sun.reflect.DelegatingMethodAccessorImpl.invoke(DelegatingMethodAccessorImpl.java:43)
		at java.lang.reflect.Method.invoke(Method.java:498)
		at org.apache.catalina.startup.Bootstrap.load(Bootstrap.java:302)
		at org.apache.catalina.startup.Bootstrap.main(Bootstrap.java:472)
	Caused by: java.net.BindException: Address already in use
		at sun.nio.ch.Net.bind0(Native Method)
		at sun.nio.ch.Net.bind(Net.java:433)
		at sun.nio.ch.Net.bind(Net.java:425)
		at sun.nio.ch.ServerSocketChannelImpl.bind(ServerSocketChannelImpl.java:223)
		at sun.nio.ch.ServerSocketAdaptor.bind(ServerSocketAdaptor.java:74)
		at org.apache.tomcat.util.net.NioEndpoint.bind(NioEndpoint.java:221)
		at org.apache.tomcat.util.net.AbstractEndpoint.init(AbstractEndpoint.java:1118)
		at org.apache.tomcat.util.net.AbstractJsseEndpoint.init(AbstractJsseEndpoint.java:222)
		at org.apache.coyote.AbstractProtocol.init(AbstractProtocol.java:587)
		at org.apache.coyote.http11.AbstractHttp11Protocol.init(AbstractHttp11Protocol.java:74)
		at org.apache.catalina.connector.Connector.initInternal(Connector.java:1075)
		... 13 more
30-Jul-2020 09:53:17.737 信息 [main] org.apache.catalina.startup.Catalina.load Initialization processed in 495 ms
30-Jul-2020 09:53:17.759 信息 [main] org.apache.catalina.core.StandardService.startInternal 正在启动服务[Catalina]
30-Jul-2020 09:53:17.759 信息 [main] org.apache.catalina.core.StandardEngine.startInternal Starting Servlet Engine: Apache Tomcat/8.5.57
30-Jul-2020 09:53:17.766 信息 [main] org.apache.catalina.startup.Catalina.start Server startup in 28 ms
30-Jul-2020 10:04:14.020 警告 [main] org.apache.catalina.core.StandardServer.await 收到无效的关闭命令[]
30-Jul-2020 10:05:52.001 警告 [main] org.apache.catalina.core.StandardServer.await 收到无效的关闭命令[]
30-Jul-2020 10:06:23.924 警告 [main] org.apache.catalina.core.StandardServer.await 收到无效的关闭命令[]
30-Jul-2020 10:08:10.541 警告 [main] org.apache.catalina.core.StandardServer.await 收到无效的关闭命令[]
30-Jul-2020 10:08:59.564 警告 [main] org.apache.catalina.core.StandardServer.await 收到无效的关闭命令[]
30-Jul-2020 10:09:38.027 警告 [main] org.apache.catalina.core.StandardServer.await 收到无效的关闭命令[]
30-Jul-2020 10:11:30.951 警告 [main] org.apache.catalina.core.StandardServer.await 收到无效的关闭命令[]
30-Jul-2020 10:13:54.156 警告 [main] org.apache.catalina.core.StandardServer.await 收到无效的关闭命令[]
30-Jul-2020 10:15:59.560 警告 [main] org.apache.catalina.core.StandardServer.await 收到无效的关闭命令[]
30-Jul-2020 10:21:10.164 警告 [main] org.apache.catalina.core.StandardServer.await 收到无效的关闭命令[]
30-Jul-2020 10:22:15.655 警告 [main] org.apache.catalina.core.StandardServer.await 收到无效的关闭命令[]
30-Jul-2020 10:23:41.835 警告 [main] org.apache.catalina.core.StandardServer.await 收到无效的关闭命令[]
30-Jul-2020 10:33:41.554 警告 [main] org.apache.catalina.core.StandardServer.await 收到无效的关闭命令[]
30-Jul-2020 10:35:36.202 警告 [main] org.apache.catalina.core.StandardServer.await 收到无效的关闭命令[]
30-Jul-2020 10:40:14.148 警告 [main] org.apache.catalina.core.StandardServer.await 收到无效的关闭命令[]
30-Jul-2020 10:45:47.492 警告 [main] org.apache.catalina.core.StandardServer.await 收到无效的关闭命令[]
30-Jul-2020 10:46:52.702 警告 [main] org.apache.catalina.core.StandardServer.await 收到无效的关闭命令[]
30-Jul-2020 10:48:25.498 警告 [main] org.apache.catalina.core.StandardServer.await 收到无效的关闭命令[]
30-Jul-2020 10:49:40.651 警告 [main] org.apache.catalina.core.StandardServer.await 收到无效的关闭命令[]
30-Jul-2020 10:51:29.715 警告 [main] org.apache.catalina.core.StandardServer.await 收到无效的关闭命令[]
30-Jul-2020 10:56:26.527 警告 [main] org.apache.catalina.core.StandardServer.await 收到无效的关闭命令[]
30-Jul-2020 10:58:06.279 警告 [main] org.apache.catalina.core.StandardServer.await 收到无效的关闭命令[]
30-Jul-2020 10:58:47.577 警告 [main] org.apache.catalina.core.StandardServer.await 收到无效的关闭命令[]
30-Jul-2020 21:17:36.097 信息 [main] org.apache.catalina.startup.VersionLoggerListener.log Server.服务器版本: Apache Tomcat/8.5.57
30-Jul-2020 21:17:36.101 信息 [main] org.apache.catalina.startup.VersionLoggerListener.log 服务器构建:        Jun 30 2020 21:49:10 UTC
30-Jul-2020 21:17:36.101 信息 [main] org.apache.catalina.startup.VersionLoggerListener.log 服务器版本号(:     8.5.57.0
30-Jul-2020 21:17:36.101 信息 [main] org.apache.catalina.startup.VersionLoggerListener.log 操作系统名称:      Mac OS X
30-Jul-2020 21:17:36.101 信息 [main] org.apache.catalina.startup.VersionLoggerListener.log OS.版本:           10.15.3
30-Jul-2020 21:17:36.101 信息 [main] org.apache.catalina.startup.VersionLoggerListener.log 架构:              x86_64
30-Jul-2020 21:17:36.101 信息 [main] org.apache.catalina.startup.VersionLoggerListener.log Java 环境变量:     /Library/Java/JavaVirtualMachines/jdk1.8.0_251.jdk/Contents/Home/jre
30-Jul-2020 21:17:36.101 信息 [main] org.apache.catalina.startup.VersionLoggerListener.log Java虚拟机版本:    1.8.0_251-b08
30-Jul-2020 21:17:36.102 信息 [main] org.apache.catalina.startup.VersionLoggerListener.log JVM.供应商:        Oracle Corporation
30-Jul-2020 21:17:36.102 信息 [main] org.apache.catalina.startup.VersionLoggerListener.log CATALINA_BASE:     /Users/bjhl/IdeaProjects/homework1/apache-tomcat-8.5.57
30-Jul-2020 21:17:36.102 信息 [main] org.apache.catalina.startup.VersionLoggerListener.log CATALINA_HOME:     /Users/bjhl/IdeaProjects/homework1/apache-tomcat-8.5.57
30-Jul-2020 21:17:36.102 信息 [main] org.apache.catalina.startup.VersionLoggerListener.log 命令行参数：-Djava.util.logging.config.file=/Users/bjhl/IdeaProjects/homework1/apache-tomcat-8.5.57/conf/logging.properties
30-Jul-2020 21:17:36.102 信息 [main] org.apache.catalina.startup.VersionLoggerListener.log 命令行参数：-Djava.util.logging.manager=org.apache.juli.ClassLoaderLogManager
30-Jul-2020 21:17:36.103 信息 [main] org.apache.catalina.startup.VersionLoggerListener.log 命令行参数：-Djdk.tls.ephemeralDHKeySize=2048
30-Jul-2020 21:17:36.103 信息 [main] org.apache.catalina.startup.VersionLoggerListener.log 命令行参数：-Djava.protocol.handler.pkgs=org.apache.catalina.webresources
30-Jul-2020 21:17:36.103 信息 [main] org.apache.catalina.startup.VersionLoggerListener.log 命令行参数：-Dorg.apache.catalina.security.SecurityListener.UMASK=0027
30-Jul-2020 21:17:36.103 信息 [main] org.apache.catalina.startup.VersionLoggerListener.log 命令行参数：-Dignore.endorsed.dirs=
30-Jul-2020 21:17:36.103 信息 [main] org.apache.catalina.startup.VersionLoggerListener.log 命令行参数：-Dcatalina.base=/Users/bjhl/IdeaProjects/homework1/apache-tomcat-8.5.57
30-Jul-2020 21:17:36.103 信息 [main] org.apache.catalina.startup.VersionLoggerListener.log 命令行参数：-Dcatalina.home=/Users/bjhl/IdeaProjects/homework1/apache-tomcat-8.5.57
30-Jul-2020 21:17:36.103 信息 [main] org.apache.catalina.startup.VersionLoggerListener.log 命令行参数：-Djava.io.tmpdir=/Users/bjhl/IdeaProjects/homework1/apache-tomcat-8.5.57/temp
30-Jul-2020 21:17:36.103 信息 [main] org.apache.catalina.core.AprLifecycleListener.lifecycleEvent 在java.library.path:[/Users/bjhl/Library/Java/Extensions:/Library/Java/Extensions:/Network/Library/Java/Extensions:/System/Library/Java/Extensions:/usr/lib/java:.]上找不到基于APR的Apache Tomcat本机库，该库允许在生产环境中获得最佳性能
30-Jul-2020 21:17:36.213 信息 [main] org.apache.coyote.AbstractProtocol.init 初始化协议处理器 ["http-nio-8088"]
30-Jul-2020 21:17:36.226 严重 [main] org.apache.catalina.core.StandardService.initInternal Failed to initialize connector [Connector[HTTP/1.1-8088]]
	org.apache.catalina.LifecycleException: 协议处理程序初始化失败
		at org.apache.catalina.connector.Connector.initInternal(Connector.java:1077)
		at org.apache.catalina.util.LifecycleBase.init(LifecycleBase.java:136)
		at org.apache.catalina.core.StandardService.initInternal(StandardService.java:552)
		at org.apache.catalina.util.LifecycleBase.init(LifecycleBase.java:136)
		at org.apache.catalina.core.StandardServer.initInternal(StandardServer.java:848)
		at org.apache.catalina.util.LifecycleBase.init(LifecycleBase.java:136)
		at org.apache.catalina.startup.Catalina.load(Catalina.java:639)
		at org.apache.catalina.startup.Catalina.load(Catalina.java:662)
		at sun.reflect.NativeMethodAccessorImpl.invoke0(Native Method)
		at sun.reflect.NativeMethodAccessorImpl.invoke(NativeMethodAccessorImpl.java:62)
		at sun.reflect.DelegatingMethodAccessorImpl.invoke(DelegatingMethodAccessorImpl.java:43)
		at java.lang.reflect.Method.invoke(Method.java:498)
		at org.apache.catalina.startup.Bootstrap.load(Bootstrap.java:302)
		at org.apache.catalina.startup.Bootstrap.main(Bootstrap.java:472)
	Caused by: java.net.BindException: Address already in use
		at sun.nio.ch.Net.bind0(Native Method)
		at sun.nio.ch.Net.bind(Net.java:433)
		at sun.nio.ch.Net.bind(Net.java:425)
		at sun.nio.ch.ServerSocketChannelImpl.bind(ServerSocketChannelImpl.java:223)
		at sun.nio.ch.ServerSocketAdaptor.bind(ServerSocketAdaptor.java:74)
		at org.apache.tomcat.util.net.NioEndpoint.bind(NioEndpoint.java:221)
		at org.apache.tomcat.util.net.AbstractEndpoint.init(AbstractEndpoint.java:1118)
		at org.apache.tomcat.util.net.AbstractJsseEndpoint.init(AbstractJsseEndpoint.java:222)
		at org.apache.coyote.AbstractProtocol.init(AbstractProtocol.java:587)
		at org.apache.coyote.http11.AbstractHttp11Protocol.init(AbstractHttp11Protocol.java:74)
		at org.apache.catalina.connector.Connector.initInternal(Connector.java:1075)
		... 13 more
30-Jul-2020 21:17:36.227 信息 [main] org.apache.catalina.startup.Catalina.load Initialization processed in 520 ms
30-Jul-2020 21:17:36.252 信息 [main] org.apache.catalina.core.StandardService.startInternal 正在启动服务[Catalina]
30-Jul-2020 21:17:36.252 信息 [main] org.apache.catalina.core.StandardEngine.startInternal Starting Servlet Engine: Apache Tomcat/8.5.57
30-Jul-2020 21:17:36.259 信息 [main] org.apache.catalina.startup.Catalina.start Server startup in 32 ms
30-Jul-2020 21:17:36.266 严重 [main] org.apache.catalina.core.StandardServer.await StandardServer.await: create[localhost:8005]: 
	java.net.BindException: Address already in use (Bind failed)
		at java.net.PlainSocketImpl.socketBind(Native Method)
		at java.net.AbstractPlainSocketImpl.bind(AbstractPlainSocketImpl.java:387)
		at java.net.ServerSocket.bind(ServerSocket.java:375)
		at java.net.ServerSocket.<init>(ServerSocket.java:237)
		at org.apache.catalina.core.StandardServer.await(StandardServer.java:421)
		at org.apache.catalina.startup.Catalina.await(Catalina.java:776)
		at org.apache.catalina.startup.Catalina.start(Catalina.java:722)
		at sun.reflect.NativeMethodAccessorImpl.invoke0(Native Method)
		at sun.reflect.NativeMethodAccessorImpl.invoke(NativeMethodAccessorImpl.java:62)
		at sun.reflect.DelegatingMethodAccessorImpl.invoke(DelegatingMethodAccessorImpl.java:43)
		at java.lang.reflect.Method.invoke(Method.java:498)
		at org.apache.catalina.startup.Bootstrap.start(Bootstrap.java:342)
		at org.apache.catalina.startup.Bootstrap.main(Bootstrap.java:473)
30-Jul-2020 21:17:36.267 信息 [main] org.apache.coyote.AbstractProtocol.pause 暂停ProtocolHandler["http-nio-8088"]
30-Jul-2020 21:17:36.267 信息 [main] org.apache.catalina.core.StandardService.stopInternal 正在停止服务[Catalina]
30-Jul-2020 21:17:36.268 信息 [main] org.apache.coyote.AbstractProtocol.stop 正在停止ProtocolHandler ["http-nio-8088"]
30-Jul-2020 21:17:36.268 信息 [main] org.apache.coyote.AbstractProtocol.destroy 正在摧毁协议处理器 ["http-nio-8088"]
30-Jul-2020 21:19:09.535 信息 [main] org.apache.catalina.startup.VersionLoggerListener.log Server.服务器版本: Apache Tomcat/8.5.57
30-Jul-2020 21:19:09.539 信息 [main] org.apache.catalina.startup.VersionLoggerListener.log 服务器构建:        Jun 30 2020 21:49:10 UTC
30-Jul-2020 21:19:09.539 信息 [main] org.apache.catalina.startup.VersionLoggerListener.log 服务器版本号(:     8.5.57.0
30-Jul-2020 21:19:09.539 信息 [main] org.apache.catalina.startup.VersionLoggerListener.log 操作系统名称:      Mac OS X
30-Jul-2020 21:19:09.539 信息 [main] org.apache.catalina.startup.VersionLoggerListener.log OS.版本:           10.15.3
30-Jul-2020 21:19:09.539 信息 [main] org.apache.catalina.startup.VersionLoggerListener.log 架构:              x86_64
30-Jul-2020 21:19:09.539 信息 [main] org.apache.catalina.startup.VersionLoggerListener.log Java 环境变量:     /Library/Java/JavaVirtualMachines/jdk1.8.0_251.jdk/Contents/Home/jre
30-Jul-2020 21:19:09.540 信息 [main] org.apache.catalina.startup.VersionLoggerListener.log Java虚拟机版本:    1.8.0_251-b08
30-Jul-2020 21:19:09.540 信息 [main] org.apache.catalina.startup.VersionLoggerListener.log JVM.供应商:        Oracle Corporation
30-Jul-2020 21:19:09.542 信息 [main] org.apache.catalina.startup.VersionLoggerListener.log CATALINA_BASE:     /Users/bjhl/IdeaProjects/homework1/apache-tomcat-8.5.57
30-Jul-2020 21:19:09.542 信息 [main] org.apache.catalina.startup.VersionLoggerListener.log CATALINA_HOME:     /Users/bjhl/IdeaProjects/homework1/apache-tomcat-8.5.57
30-Jul-2020 21:19:09.543 信息 [main] org.apache.catalina.startup.VersionLoggerListener.log 命令行参数：-Djava.util.logging.config.file=/Users/bjhl/IdeaProjects/homework1/apache-tomcat-8.5.57/conf/logging.properties
30-Jul-2020 21:19:09.543 信息 [main] org.apache.catalina.startup.VersionLoggerListener.log 命令行参数：-Djava.util.logging.manager=org.apache.juli.ClassLoaderLogManager
30-Jul-2020 21:19:09.543 信息 [main] org.apache.catalina.startup.VersionLoggerListener.log 命令行参数：-Djdk.tls.ephemeralDHKeySize=2048
30-Jul-2020 21:19:09.543 信息 [main] org.apache.catalina.startup.VersionLoggerListener.log 命令行参数：-Djava.protocol.handler.pkgs=org.apache.catalina.webresources
30-Jul-2020 21:19:09.543 信息 [main] org.apache.catalina.startup.VersionLoggerListener.log 命令行参数：-Dorg.apache.catalina.security.SecurityListener.UMASK=0027
30-Jul-2020 21:19:09.544 信息 [main] org.apache.catalina.startup.VersionLoggerListener.log 命令行参数：-Dignore.endorsed.dirs=
30-Jul-2020 21:19:09.544 信息 [main] org.apache.catalina.startup.VersionLoggerListener.log 命令行参数：-Dcatalina.base=/Users/bjhl/IdeaProjects/homework1/apache-tomcat-8.5.57
30-Jul-2020 21:19:09.544 信息 [main] org.apache.catalina.startup.VersionLoggerListener.log 命令行参数：-Dcatalina.home=/Users/bjhl/IdeaProjects/homework1/apache-tomcat-8.5.57
30-Jul-2020 21:19:09.544 信息 [main] org.apache.catalina.startup.VersionLoggerListener.log 命令行参数：-Djava.io.tmpdir=/Users/bjhl/IdeaProjects/homework1/apache-tomcat-8.5.57/temp
30-Jul-2020 21:19:09.544 信息 [main] org.apache.catalina.core.AprLifecycleListener.lifecycleEvent 在java.library.path:[/Users/bjhl/Library/Java/Extensions:/Library/Java/Extensions:/Network/Library/Java/Extensions:/System/Library/Java/Extensions:/usr/lib/java:.]上找不到基于APR的Apache Tomcat本机库，该库允许在生产环境中获得最佳性能
30-Jul-2020 21:19:09.666 信息 [main] org.apache.coyote.AbstractProtocol.init 初始化协议处理器 ["http-nio-8088"]
30-Jul-2020 21:19:09.675 严重 [main] org.apache.catalina.core.StandardService.initInternal Failed to initialize connector [Connector[HTTP/1.1-8088]]
	org.apache.catalina.LifecycleException: 协议处理程序初始化失败
		at org.apache.catalina.connector.Connector.initInternal(Connector.java:1077)
		at org.apache.catalina.util.LifecycleBase.init(LifecycleBase.java:136)
		at org.apache.catalina.core.StandardService.initInternal(StandardService.java:552)
		at org.apache.catalina.util.LifecycleBase.init(LifecycleBase.java:136)
		at org.apache.catalina.core.StandardServer.initInternal(StandardServer.java:848)
		at org.apache.catalina.util.LifecycleBase.init(LifecycleBase.java:136)
		at org.apache.catalina.startup.Catalina.load(Catalina.java:639)
		at org.apache.catalina.startup.Catalina.load(Catalina.java:662)
		at sun.reflect.NativeMethodAccessorImpl.invoke0(Native Method)
		at sun.reflect.NativeMethodAccessorImpl.invoke(NativeMethodAccessorImpl.java:62)
		at sun.reflect.DelegatingMethodAccessorImpl.invoke(DelegatingMethodAccessorImpl.java:43)
		at java.lang.reflect.Method.invoke(Method.java:498)
		at org.apache.catalina.startup.Bootstrap.load(Bootstrap.java:302)
		at org.apache.catalina.startup.Bootstrap.main(Bootstrap.java:472)
	Caused by: java.net.BindException: Address already in use
		at sun.nio.ch.Net.bind0(Native Method)
		at sun.nio.ch.Net.bind(Net.java:433)
		at sun.nio.ch.Net.bind(Net.java:425)
		at sun.nio.ch.ServerSocketChannelImpl.bind(ServerSocketChannelImpl.java:223)
		at sun.nio.ch.ServerSocketAdaptor.bind(ServerSocketAdaptor.java:74)
		at org.apache.tomcat.util.net.NioEndpoint.bind(NioEndpoint.java:221)
		at org.apache.tomcat.util.net.AbstractEndpoint.init(AbstractEndpoint.java:1118)
		at org.apache.tomcat.util.net.AbstractJsseEndpoint.init(AbstractJsseEndpoint.java:222)
		at org.apache.coyote.AbstractProtocol.init(AbstractProtocol.java:587)
		at org.apache.coyote.http11.AbstractHttp11Protocol.init(AbstractHttp11Protocol.java:74)
		at org.apache.catalina.connector.Connector.initInternal(Connector.java:1075)
		... 13 more
30-Jul-2020 21:19:09.676 信息 [main] org.apache.catalina.startup.Catalina.load Initialization processed in 486 ms
30-Jul-2020 21:19:09.698 信息 [main] org.apache.catalina.core.StandardService.startInternal 正在启动服务[Catalina]
30-Jul-2020 21:19:09.698 信息 [main] org.apache.catalina.core.StandardEngine.startInternal Starting Servlet Engine: Apache Tomcat/8.5.57
30-Jul-2020 21:19:09.705 信息 [main] org.apache.catalina.startup.Catalina.start Server startup in 28 ms
30-Jul-2020 21:19:09.710 严重 [main] org.apache.catalina.core.StandardServer.await StandardServer.await: create[localhost:8005]: 
	java.net.BindException: Address already in use (Bind failed)
		at java.net.PlainSocketImpl.socketBind(Native Method)
		at java.net.AbstractPlainSocketImpl.bind(AbstractPlainSocketImpl.java:387)
		at java.net.ServerSocket.bind(ServerSocket.java:375)
		at java.net.ServerSocket.<init>(ServerSocket.java:237)
		at org.apache.catalina.core.StandardServer.await(StandardServer.java:421)
		at org.apache.catalina.startup.Catalina.await(Catalina.java:776)
		at org.apache.catalina.startup.Catalina.start(Catalina.java:722)
		at sun.reflect.NativeMethodAccessorImpl.invoke0(Native Method)
		at sun.reflect.NativeMethodAccessorImpl.invoke(NativeMethodAccessorImpl.java:62)
		at sun.reflect.DelegatingMethodAccessorImpl.invoke(DelegatingMethodAccessorImpl.java:43)
		at java.lang.reflect.Method.invoke(Method.java:498)
		at org.apache.catalina.startup.Bootstrap.start(Bootstrap.java:342)
		at org.apache.catalina.startup.Bootstrap.main(Bootstrap.java:473)
30-Jul-2020 21:19:09.711 信息 [main] org.apache.coyote.AbstractProtocol.pause 暂停ProtocolHandler["http-nio-8088"]
30-Jul-2020 21:19:09.711 信息 [main] org.apache.catalina.core.StandardService.stopInternal 正在停止服务[Catalina]
30-Jul-2020 21:19:09.712 信息 [main] org.apache.coyote.AbstractProtocol.stop 正在停止ProtocolHandler ["http-nio-8088"]
30-Jul-2020 21:19:09.712 信息 [main] org.apache.coyote.AbstractProtocol.destroy 正在摧毁协议处理器 ["http-nio-8088"]
30-Jul-2020 21:27:04.461 信息 [main] org.apache.catalina.startup.VersionLoggerListener.log Server.服务器版本: Apache Tomcat/8.5.57
30-Jul-2020 21:27:04.465 信息 [main] org.apache.catalina.startup.VersionLoggerListener.log 服务器构建:        Jun 30 2020 21:49:10 UTC
30-Jul-2020 21:27:04.466 信息 [main] org.apache.catalina.startup.VersionLoggerListener.log 服务器版本号(:     8.5.57.0
30-Jul-2020 21:27:04.466 信息 [main] org.apache.catalina.startup.VersionLoggerListener.log 操作系统名称:      Mac OS X
30-Jul-2020 21:27:04.466 信息 [main] org.apache.catalina.startup.VersionLoggerListener.log OS.版本:           10.15.3
30-Jul-2020 21:27:04.466 信息 [main] org.apache.catalina.startup.VersionLoggerListener.log 架构:              x86_64
30-Jul-2020 21:27:04.466 信息 [main] org.apache.catalina.startup.VersionLoggerListener.log Java 环境变量:     /Library/Java/JavaVirtualMachines/jdk1.8.0_251.jdk/Contents/Home/jre
30-Jul-2020 21:27:04.466 信息 [main] org.apache.catalina.startup.VersionLoggerListener.log Java虚拟机版本:    1.8.0_251-b08
30-Jul-2020 21:27:04.466 信息 [main] org.apache.catalina.startup.VersionLoggerListener.log JVM.供应商:        Oracle Corporation
30-Jul-2020 21:27:04.466 信息 [main] org.apache.catalina.startup.VersionLoggerListener.log CATALINA_BASE:     /Users/bjhl/IdeaProjects/homework1/apache-tomcat-8.5.57
30-Jul-2020 21:27:04.466 信息 [main] org.apache.catalina.startup.VersionLoggerListener.log CATALINA_HOME:     /Users/bjhl/IdeaProjects/homework1/apache-tomcat-8.5.57
30-Jul-2020 21:27:04.467 信息 [main] org.apache.catalina.startup.VersionLoggerListener.log 命令行参数：-Djava.util.logging.config.file=/Users/bjhl/IdeaProjects/homework1/apache-tomcat-8.5.57/conf/logging.properties
30-Jul-2020 21:27:04.467 信息 [main] org.apache.catalina.startup.VersionLoggerListener.log 命令行参数：-Djava.util.logging.manager=org.apache.juli.ClassLoaderLogManager
30-Jul-2020 21:27:04.467 信息 [main] org.apache.catalina.startup.VersionLoggerListener.log 命令行参数：-Djdk.tls.ephemeralDHKeySize=2048
30-Jul-2020 21:27:04.467 信息 [main] org.apache.catalina.startup.VersionLoggerListener.log 命令行参数：-Djava.protocol.handler.pkgs=org.apache.catalina.webresources
30-Jul-2020 21:27:04.467 信息 [main] org.apache.catalina.startup.VersionLoggerListener.log 命令行参数：-Dorg.apache.catalina.security.SecurityListener.UMASK=0027
30-Jul-2020 21:27:04.467 信息 [main] org.apache.catalina.startup.VersionLoggerListener.log 命令行参数：-Dignore.endorsed.dirs=
30-Jul-2020 21:27:04.470 信息 [main] org.apache.catalina.startup.VersionLoggerListener.log 命令行参数：-Dcatalina.base=/Users/bjhl/IdeaProjects/homework1/apache-tomcat-8.5.57
30-Jul-2020 21:27:04.470 信息 [main] org.apache.catalina.startup.VersionLoggerListener.log 命令行参数：-Dcatalina.home=/Users/bjhl/IdeaProjects/homework1/apache-tomcat-8.5.57
30-Jul-2020 21:27:04.470 信息 [main] org.apache.catalina.startup.VersionLoggerListener.log 命令行参数：-Djava.io.tmpdir=/Users/bjhl/IdeaProjects/homework1/apache-tomcat-8.5.57/temp
30-Jul-2020 21:27:04.470 信息 [main] org.apache.catalina.core.AprLifecycleListener.lifecycleEvent 在java.library.path:[/Users/bjhl/Library/Java/Extensions:/Library/Java/Extensions:/Network/Library/Java/Extensions:/System/Library/Java/Extensions:/usr/lib/java:.]上找不到基于APR的Apache Tomcat本机库，该库允许在生产环境中获得最佳性能
30-Jul-2020 21:27:04.570 信息 [main] org.apache.coyote.AbstractProtocol.init 初始化协议处理器 ["http-nio-8088"]
30-Jul-2020 21:27:04.579 严重 [main] org.apache.catalina.core.StandardService.initInternal Failed to initialize connector [Connector[HTTP/1.1-8088]]
	org.apache.catalina.LifecycleException: 协议处理程序初始化失败
		at org.apache.catalina.connector.Connector.initInternal(Connector.java:1077)
		at org.apache.catalina.util.LifecycleBase.init(LifecycleBase.java:136)
		at org.apache.catalina.core.StandardService.initInternal(StandardService.java:552)
		at org.apache.catalina.util.LifecycleBase.init(LifecycleBase.java:136)
		at org.apache.catalina.core.StandardServer.initInternal(StandardServer.java:848)
		at org.apache.catalina.util.LifecycleBase.init(LifecycleBase.java:136)
		at org.apache.catalina.startup.Catalina.load(Catalina.java:639)
		at org.apache.catalina.startup.Catalina.load(Catalina.java:662)
		at sun.reflect.NativeMethodAccessorImpl.invoke0(Native Method)
		at sun.reflect.NativeMethodAccessorImpl.invoke(NativeMethodAccessorImpl.java:62)
		at sun.reflect.DelegatingMethodAccessorImpl.invoke(DelegatingMethodAccessorImpl.java:43)
		at java.lang.reflect.Method.invoke(Method.java:498)
		at org.apache.catalina.startup.Bootstrap.load(Bootstrap.java:302)
		at org.apache.catalina.startup.Bootstrap.main(Bootstrap.java:472)
	Caused by: java.net.BindException: Address already in use
		at sun.nio.ch.Net.bind0(Native Method)
		at sun.nio.ch.Net.bind(Net.java:433)
		at sun.nio.ch.Net.bind(Net.java:425)
		at sun.nio.ch.ServerSocketChannelImpl.bind(ServerSocketChannelImpl.java:223)
		at sun.nio.ch.ServerSocketAdaptor.bind(ServerSocketAdaptor.java:74)
		at org.apache.tomcat.util.net.NioEndpoint.bind(NioEndpoint.java:221)
		at org.apache.tomcat.util.net.AbstractEndpoint.init(AbstractEndpoint.java:1118)
		at org.apache.tomcat.util.net.AbstractJsseEndpoint.init(AbstractJsseEndpoint.java:222)
		at org.apache.coyote.AbstractProtocol.init(AbstractProtocol.java:587)
		at org.apache.coyote.http11.AbstractHttp11Protocol.init(AbstractHttp11Protocol.java:74)
		at org.apache.catalina.connector.Connector.initInternal(Connector.java:1075)
		... 13 more
30-Jul-2020 21:27:04.580 信息 [main] org.apache.catalina.startup.Catalina.load Initialization processed in 488 ms
30-Jul-2020 21:27:04.601 信息 [main] org.apache.catalina.core.StandardService.startInternal 正在启动服务[Catalina]
30-Jul-2020 21:27:04.602 信息 [main] org.apache.catalina.core.StandardEngine.startInternal Starting Servlet Engine: Apache Tomcat/8.5.57
30-Jul-2020 21:27:04.610 信息 [main] org.apache.catalina.startup.Catalina.start Server startup in 29 ms
30-Jul-2020 21:27:04.614 严重 [main] org.apache.catalina.core.StandardServer.await StandardServer.await: create[localhost:8005]: 
	java.net.BindException: Address already in use (Bind failed)
		at java.net.PlainSocketImpl.socketBind(Native Method)
		at java.net.AbstractPlainSocketImpl.bind(AbstractPlainSocketImpl.java:387)
		at java.net.ServerSocket.bind(ServerSocket.java:375)
		at java.net.ServerSocket.<init>(ServerSocket.java:237)
		at org.apache.catalina.core.StandardServer.await(StandardServer.java:421)
		at org.apache.catalina.startup.Catalina.await(Catalina.java:776)
		at org.apache.catalina.startup.Catalina.start(Catalina.java:722)
		at sun.reflect.NativeMethodAccessorImpl.invoke0(Native Method)
		at sun.reflect.NativeMethodAccessorImpl.invoke(NativeMethodAccessorImpl.java:62)
		at sun.reflect.DelegatingMethodAccessorImpl.invoke(DelegatingMethodAccessorImpl.java:43)
		at java.lang.reflect.Method.invoke(Method.java:498)
		at org.apache.catalina.startup.Bootstrap.start(Bootstrap.java:342)
		at org.apache.catalina.startup.Bootstrap.main(Bootstrap.java:473)
30-Jul-2020 21:27:04.615 信息 [main] org.apache.coyote.AbstractProtocol.pause 暂停ProtocolHandler["http-nio-8088"]
30-Jul-2020 21:27:04.615 信息 [main] org.apache.catalina.core.StandardService.stopInternal 正在停止服务[Catalina]
30-Jul-2020 21:27:04.616 信息 [main] org.apache.coyote.AbstractProtocol.stop 正在停止ProtocolHandler ["http-nio-8088"]
30-Jul-2020 21:27:04.616 信息 [main] org.apache.coyote.AbstractProtocol.destroy 正在摧毁协议处理器 ["http-nio-8088"]
30-Jul-2020 21:28:12.052 信息 [main] org.apache.catalina.startup.VersionLoggerListener.log Server.服务器版本: Apache Tomcat/8.5.57
30-Jul-2020 21:28:12.055 信息 [main] org.apache.catalina.startup.VersionLoggerListener.log 服务器构建:        Jun 30 2020 21:49:10 UTC
30-Jul-2020 21:28:12.055 信息 [main] org.apache.catalina.startup.VersionLoggerListener.log 服务器版本号(:     8.5.57.0
30-Jul-2020 21:28:12.055 信息 [main] org.apache.catalina.startup.VersionLoggerListener.log 操作系统名称:      Mac OS X
30-Jul-2020 21:28:12.055 信息 [main] org.apache.catalina.startup.VersionLoggerListener.log OS.版本:           10.15.3
30-Jul-2020 21:28:12.055 信息 [main] org.apache.catalina.startup.VersionLoggerListener.log 架构:              x86_64
30-Jul-2020 21:28:12.055 信息 [main] org.apache.catalina.startup.VersionLoggerListener.log Java 环境变量:     /Library/Java/JavaVirtualMachines/jdk1.8.0_251.jdk/Contents/Home/jre
30-Jul-2020 21:28:12.055 信息 [main] org.apache.catalina.startup.VersionLoggerListener.log Java虚拟机版本:    1.8.0_251-b08
30-Jul-2020 21:28:12.055 信息 [main] org.apache.catalina.startup.VersionLoggerListener.log JVM.供应商:        Oracle Corporation
30-Jul-2020 21:28:12.056 信息 [main] org.apache.catalina.startup.VersionLoggerListener.log CATALINA_BASE:     /Users/bjhl/IdeaProjects/homework1/apache-tomcat-8.5.57
30-Jul-2020 21:28:12.057 信息 [main] org.apache.catalina.startup.VersionLoggerListener.log CATALINA_HOME:     /Users/bjhl/IdeaProjects/homework1/apache-tomcat-8.5.57
30-Jul-2020 21:28:12.058 信息 [main] org.apache.catalina.startup.VersionLoggerListener.log 命令行参数：-Djava.util.logging.config.file=/Users/bjhl/IdeaProjects/homework1/apache-tomcat-8.5.57/conf/logging.properties
30-Jul-2020 21:28:12.058 信息 [main] org.apache.catalina.startup.VersionLoggerListener.log 命令行参数：-Djava.util.logging.manager=org.apache.juli.ClassLoaderLogManager
30-Jul-2020 21:28:12.058 信息 [main] org.apache.catalina.startup.VersionLoggerListener.log 命令行参数：-Djdk.tls.ephemeralDHKeySize=2048
30-Jul-2020 21:28:12.058 信息 [main] org.apache.catalina.startup.VersionLoggerListener.log 命令行参数：-Djava.protocol.handler.pkgs=org.apache.catalina.webresources
30-Jul-2020 21:28:12.059 信息 [main] org.apache.catalina.startup.VersionLoggerListener.log 命令行参数：-Dorg.apache.catalina.security.SecurityListener.UMASK=0027
30-Jul-2020 21:28:12.059 信息 [main] org.apache.catalina.startup.VersionLoggerListener.log 命令行参数：-Dignore.endorsed.dirs=
30-Jul-2020 21:28:12.059 信息 [main] org.apache.catalina.startup.VersionLoggerListener.log 命令行参数：-Dcatalina.base=/Users/bjhl/IdeaProjects/homework1/apache-tomcat-8.5.57
30-Jul-2020 21:28:12.059 信息 [main] org.apache.catalina.startup.VersionLoggerListener.log 命令行参数：-Dcatalina.home=/Users/bjhl/IdeaProjects/homework1/apache-tomcat-8.5.57
30-Jul-2020 21:28:12.059 信息 [main] org.apache.catalina.startup.VersionLoggerListener.log 命令行参数：-Djava.io.tmpdir=/Users/bjhl/IdeaProjects/homework1/apache-tomcat-8.5.57/temp
30-Jul-2020 21:28:12.059 信息 [main] org.apache.catalina.core.AprLifecycleListener.lifecycleEvent 在java.library.path:[/Users/bjhl/Library/Java/Extensions:/Library/Java/Extensions:/Network/Library/Java/Extensions:/System/Library/Java/Extensions:/usr/lib/java:.]上找不到基于APR的Apache Tomcat本机库，该库允许在生产环境中获得最佳性能
30-Jul-2020 21:28:12.168 信息 [main] org.apache.coyote.AbstractProtocol.init 初始化协议处理器 ["http-nio-8088"]
30-Jul-2020 21:28:12.184 严重 [main] org.apache.catalina.core.StandardService.initInternal Failed to initialize connector [Connector[HTTP/1.1-8088]]
	org.apache.catalina.LifecycleException: 协议处理程序初始化失败
		at org.apache.catalina.connector.Connector.initInternal(Connector.java:1077)
		at org.apache.catalina.util.LifecycleBase.init(LifecycleBase.java:136)
		at org.apache.catalina.core.StandardService.initInternal(StandardService.java:552)
		at org.apache.catalina.util.LifecycleBase.init(LifecycleBase.java:136)
		at org.apache.catalina.core.StandardServer.initInternal(StandardServer.java:848)
		at org.apache.catalina.util.LifecycleBase.init(LifecycleBase.java:136)
		at org.apache.catalina.startup.Catalina.load(Catalina.java:639)
		at org.apache.catalina.startup.Catalina.load(Catalina.java:662)
		at sun.reflect.NativeMethodAccessorImpl.invoke0(Native Method)
		at sun.reflect.NativeMethodAccessorImpl.invoke(NativeMethodAccessorImpl.java:62)
		at sun.reflect.DelegatingMethodAccessorImpl.invoke(DelegatingMethodAccessorImpl.java:43)
		at java.lang.reflect.Method.invoke(Method.java:498)
		at org.apache.catalina.startup.Bootstrap.load(Bootstrap.java:302)
		at org.apache.catalina.startup.Bootstrap.main(Bootstrap.java:472)
	Caused by: java.net.BindException: Address already in use
		at sun.nio.ch.Net.bind0(Native Method)
		at sun.nio.ch.Net.bind(Net.java:433)
		at sun.nio.ch.Net.bind(Net.java:425)
		at sun.nio.ch.ServerSocketChannelImpl.bind(ServerSocketChannelImpl.java:223)
		at sun.nio.ch.ServerSocketAdaptor.bind(ServerSocketAdaptor.java:74)
		at org.apache.tomcat.util.net.NioEndpoint.bind(NioEndpoint.java:221)
		at org.apache.tomcat.util.net.AbstractEndpoint.init(AbstractEndpoint.java:1118)
		at org.apache.tomcat.util.net.AbstractJsseEndpoint.init(AbstractJsseEndpoint.java:222)
		at org.apache.coyote.AbstractProtocol.init(AbstractProtocol.java:587)
		at org.apache.coyote.http11.AbstractHttp11Protocol.init(AbstractHttp11Protocol.java:74)
		at org.apache.catalina.connector.Connector.initInternal(Connector.java:1075)
		... 13 more
30-Jul-2020 21:28:12.185 信息 [main] org.apache.catalina.startup.Catalina.load Initialization processed in 492 ms
30-Jul-2020 21:28:12.216 信息 [main] org.apache.catalina.core.StandardService.startInternal 正在启动服务[Catalina]
30-Jul-2020 21:28:12.217 信息 [main] org.apache.catalina.core.StandardEngine.startInternal Starting Servlet Engine: Apache Tomcat/8.5.57
30-Jul-2020 21:28:12.225 信息 [main] org.apache.catalina.startup.Catalina.start Server startup in 40 ms
30-Jul-2020 21:28:12.232 严重 [main] org.apache.catalina.core.StandardServer.await StandardServer.await: create[localhost:8005]: 
	java.net.BindException: Address already in use (Bind failed)
		at java.net.PlainSocketImpl.socketBind(Native Method)
		at java.net.AbstractPlainSocketImpl.bind(AbstractPlainSocketImpl.java:387)
		at java.net.ServerSocket.bind(ServerSocket.java:375)
		at java.net.ServerSocket.<init>(ServerSocket.java:237)
		at org.apache.catalina.core.StandardServer.await(StandardServer.java:421)
		at org.apache.catalina.startup.Catalina.await(Catalina.java:776)
		at org.apache.catalina.startup.Catalina.start(Catalina.java:722)
		at sun.reflect.NativeMethodAccessorImpl.invoke0(Native Method)
		at sun.reflect.NativeMethodAccessorImpl.invoke(NativeMethodAccessorImpl.java:62)
		at sun.reflect.DelegatingMethodAccessorImpl.invoke(DelegatingMethodAccessorImpl.java:43)
		at java.lang.reflect.Method.invoke(Method.java:498)
		at org.apache.catalina.startup.Bootstrap.start(Bootstrap.java:342)
		at org.apache.catalina.startup.Bootstrap.main(Bootstrap.java:473)
30-Jul-2020 21:28:12.232 信息 [main] org.apache.coyote.AbstractProtocol.pause 暂停ProtocolHandler["http-nio-8088"]
30-Jul-2020 21:28:12.232 信息 [main] org.apache.catalina.core.StandardService.stopInternal 正在停止服务[Catalina]
30-Jul-2020 21:28:12.234 信息 [main] org.apache.coyote.AbstractProtocol.stop 正在停止ProtocolHandler ["http-nio-8088"]
30-Jul-2020 21:28:12.234 信息 [main] org.apache.coyote.AbstractProtocol.destroy 正在摧毁协议处理器 ["http-nio-8088"]
30-Jul-2020 21:30:53.941 信息 [main] org.apache.catalina.startup.VersionLoggerListener.log Server.服务器版本: Apache Tomcat/8.5.57
30-Jul-2020 21:30:53.944 信息 [main] org.apache.catalina.startup.VersionLoggerListener.log 服务器构建:        Jun 30 2020 21:49:10 UTC
30-Jul-2020 21:30:53.945 信息 [main] org.apache.catalina.startup.VersionLoggerListener.log 服务器版本号(:     8.5.57.0
30-Jul-2020 21:30:53.945 信息 [main] org.apache.catalina.startup.VersionLoggerListener.log 操作系统名称:      Mac OS X
30-Jul-2020 21:30:53.945 信息 [main] org.apache.catalina.startup.VersionLoggerListener.log OS.版本:           10.15.3
30-Jul-2020 21:30:53.945 信息 [main] org.apache.catalina.startup.VersionLoggerListener.log 架构:              x86_64
30-Jul-2020 21:30:53.945 信息 [main] org.apache.catalina.startup.VersionLoggerListener.log Java 环境变量:     /Library/Java/JavaVirtualMachines/jdk1.8.0_251.jdk/Contents/Home/jre
30-Jul-2020 21:30:53.945 信息 [main] org.apache.catalina.startup.VersionLoggerListener.log Java虚拟机版本:    1.8.0_251-b08
30-Jul-2020 21:30:53.945 信息 [main] org.apache.catalina.startup.VersionLoggerListener.log JVM.供应商:        Oracle Corporation
30-Jul-2020 21:30:53.945 信息 [main] org.apache.catalina.startup.VersionLoggerListener.log CATALINA_BASE:     /Users/bjhl/IdeaProjects/homework1/apache-tomcat-8.5.57
30-Jul-2020 21:30:53.945 信息 [main] org.apache.catalina.startup.VersionLoggerListener.log CATALINA_HOME:     /Users/bjhl/IdeaProjects/homework1/apache-tomcat-8.5.57
30-Jul-2020 21:30:53.946 信息 [main] org.apache.catalina.startup.VersionLoggerListener.log 命令行参数：-Djava.util.logging.config.file=/Users/bjhl/IdeaProjects/homework1/apache-tomcat-8.5.57/conf/logging.properties
30-Jul-2020 21:30:53.946 信息 [main] org.apache.catalina.startup.VersionLoggerListener.log 命令行参数：-Djava.util.logging.manager=org.apache.juli.ClassLoaderLogManager
30-Jul-2020 21:30:53.946 信息 [main] org.apache.catalina.startup.VersionLoggerListener.log 命令行参数：-Djdk.tls.ephemeralDHKeySize=2048
30-Jul-2020 21:30:53.946 信息 [main] org.apache.catalina.startup.VersionLoggerListener.log 命令行参数：-Djava.protocol.handler.pkgs=org.apache.catalina.webresources
30-Jul-2020 21:30:53.946 信息 [main] org.apache.catalina.startup.VersionLoggerListener.log 命令行参数：-Dorg.apache.catalina.security.SecurityListener.UMASK=0027
30-Jul-2020 21:30:53.946 信息 [main] org.apache.catalina.startup.VersionLoggerListener.log 命令行参数：-Dignore.endorsed.dirs=
30-Jul-2020 21:30:53.946 信息 [main] org.apache.catalina.startup.VersionLoggerListener.log 命令行参数：-Dcatalina.base=/Users/bjhl/IdeaProjects/homework1/apache-tomcat-8.5.57
30-Jul-2020 21:30:53.946 信息 [main] org.apache.catalina.startup.VersionLoggerListener.log 命令行参数：-Dcatalina.home=/Users/bjhl/IdeaProjects/homework1/apache-tomcat-8.5.57
30-Jul-2020 21:30:53.946 信息 [main] org.apache.catalina.startup.VersionLoggerListener.log 命令行参数：-Djava.io.tmpdir=/Users/bjhl/IdeaProjects/homework1/apache-tomcat-8.5.57/temp
30-Jul-2020 21:30:53.946 信息 [main] org.apache.catalina.core.AprLifecycleListener.lifecycleEvent 在java.library.path:[/Users/bjhl/Library/Java/Extensions:/Library/Java/Extensions:/Network/Library/Java/Extensions:/System/Library/Java/Extensions:/usr/lib/java:.]上找不到基于APR的Apache Tomcat本机库，该库允许在生产环境中获得最佳性能
30-Jul-2020 21:30:54.053 信息 [main] org.apache.coyote.AbstractProtocol.init 初始化协议处理器 ["http-nio-8088"]
30-Jul-2020 21:30:54.062 严重 [main] org.apache.catalina.core.StandardService.initInternal Failed to initialize connector [Connector[HTTP/1.1-8088]]
	org.apache.catalina.LifecycleException: 协议处理程序初始化失败
		at org.apache.catalina.connector.Connector.initInternal(Connector.java:1077)
		at org.apache.catalina.util.LifecycleBase.init(LifecycleBase.java:136)
		at org.apache.catalina.core.StandardService.initInternal(StandardService.java:552)
		at org.apache.catalina.util.LifecycleBase.init(LifecycleBase.java:136)
		at org.apache.catalina.core.StandardServer.initInternal(StandardServer.java:848)
		at org.apache.catalina.util.LifecycleBase.init(LifecycleBase.java:136)
		at org.apache.catalina.startup.Catalina.load(Catalina.java:639)
		at org.apache.catalina.startup.Catalina.load(Catalina.java:662)
		at sun.reflect.NativeMethodAccessorImpl.invoke0(Native Method)
		at sun.reflect.NativeMethodAccessorImpl.invoke(NativeMethodAccessorImpl.java:62)
		at sun.reflect.DelegatingMethodAccessorImpl.invoke(DelegatingMethodAccessorImpl.java:43)
		at java.lang.reflect.Method.invoke(Method.java:498)
		at org.apache.catalina.startup.Bootstrap.load(Bootstrap.java:302)
		at org.apache.catalina.startup.Bootstrap.main(Bootstrap.java:472)
	Caused by: java.net.BindException: Address already in use
		at sun.nio.ch.Net.bind0(Native Method)
		at sun.nio.ch.Net.bind(Net.java:433)
		at sun.nio.ch.Net.bind(Net.java:425)
		at sun.nio.ch.ServerSocketChannelImpl.bind(ServerSocketChannelImpl.java:223)
		at sun.nio.ch.ServerSocketAdaptor.bind(ServerSocketAdaptor.java:74)
		at org.apache.tomcat.util.net.NioEndpoint.bind(NioEndpoint.java:221)
		at org.apache.tomcat.util.net.AbstractEndpoint.init(AbstractEndpoint.java:1118)
		at org.apache.tomcat.util.net.AbstractJsseEndpoint.init(AbstractJsseEndpoint.java:222)
		at org.apache.coyote.AbstractProtocol.init(AbstractProtocol.java:587)
		at org.apache.coyote.http11.AbstractHttp11Protocol.init(AbstractHttp11Protocol.java:74)
		at org.apache.catalina.connector.Connector.initInternal(Connector.java:1075)
		... 13 more
30-Jul-2020 21:30:54.063 信息 [main] org.apache.catalina.startup.Catalina.load Initialization processed in 491 ms
30-Jul-2020 21:30:54.087 信息 [main] org.apache.catalina.core.StandardService.startInternal 正在启动服务[Catalina]
30-Jul-2020 21:30:54.087 信息 [main] org.apache.catalina.core.StandardEngine.startInternal Starting Servlet Engine: Apache Tomcat/8.5.57
30-Jul-2020 21:30:54.094 信息 [main] org.apache.catalina.startup.Catalina.start Server startup in 31 ms
30-Jul-2020 21:30:54.100 严重 [main] org.apache.catalina.core.StandardServer.await StandardServer.await: create[localhost:8005]: 
	java.net.BindException: Address already in use (Bind failed)
		at java.net.PlainSocketImpl.socketBind(Native Method)
		at java.net.AbstractPlainSocketImpl.bind(AbstractPlainSocketImpl.java:387)
		at java.net.ServerSocket.bind(ServerSocket.java:375)
		at java.net.ServerSocket.<init>(ServerSocket.java:237)
		at org.apache.catalina.core.StandardServer.await(StandardServer.java:421)
		at org.apache.catalina.startup.Catalina.await(Catalina.java:776)
		at org.apache.catalina.startup.Catalina.start(Catalina.java:722)
		at sun.reflect.NativeMethodAccessorImpl.invoke0(Native Method)
		at sun.reflect.NativeMethodAccessorImpl.invoke(NativeMethodAccessorImpl.java:62)
		at sun.reflect.DelegatingMethodAccessorImpl.invoke(DelegatingMethodAccessorImpl.java:43)
		at java.lang.reflect.Method.invoke(Method.java:498)
		at org.apache.catalina.startup.Bootstrap.start(Bootstrap.java:342)
		at org.apache.catalina.startup.Bootstrap.main(Bootstrap.java:473)
30-Jul-2020 21:30:54.101 信息 [main] org.apache.coyote.AbstractProtocol.pause 暂停ProtocolHandler["http-nio-8088"]
30-Jul-2020 21:30:54.101 信息 [main] org.apache.catalina.core.StandardService.stopInternal 正在停止服务[Catalina]
30-Jul-2020 21:30:54.103 信息 [main] org.apache.coyote.AbstractProtocol.stop 正在停止ProtocolHandler ["http-nio-8088"]
30-Jul-2020 21:30:54.103 信息 [main] org.apache.coyote.AbstractProtocol.destroy 正在摧毁协议处理器 ["http-nio-8088"]
